****************************************
Report : timing
	-path_type full
	-delay_type max
	-slack_lesser_than 0.00
	-max_paths 20
	-sort_by slack
Design : fir_filter_16_tap
Version: V-2023.12-SP4
Date   : Thu Apr 17 11:26:00 2025
****************************************

No paths with slack less than 0.00.

1
****************************************
Report : timing
	-path_type full
	-delay_type max
	-slack_lesser_than 0.00
	-max_paths 20
	-sort_by slack
Design : fir_filter_16_tap
Version: V-2023.12-SP4
Date   : Thu Apr 17 11:26:00 2025
****************************************

No paths with slack less than 0.00.

1
****************************************
Report : timing
	-path_type full
	-delay_type max
	-slack_lesser_than 0.00
	-max_paths 20
	-sort_by slack
Design : fir_filter_16_tap
Version: V-2023.12-SP4
Date   : Thu Apr 17 11:26:00 2025
****************************************

No paths with slack less than 0.00.

1
****************************************
Report : timing
	-path_type full
	-delay_type max
	-max_paths 1
	-sort_by slack
Design : fir_filter_16_tap
Version: V-2023.12-SP4
Date   : Thu Apr 17 11:26:00 2025
****************************************


  Startpoint: tap8_reg_1_
               (rising edge-triggered flip-flop clocked by clock)
  Endpoint: y_out_reg_31_
               (rising edge-triggered flip-flop clocked by clock)
  Path Group: clock
  Path Type: max

  Point                                                   Incr       Path
  ------------------------------------------------------------------------------
  clock clock (rise edge)                                 0.00       0.00
  clock network delay (ideal)                             0.00       0.00
  tap8_reg_1_/CK (SAEDHVT14_FDPRBQ_V2LP_1)                0.00       0.00 r
  tap8_reg_1_/Q (SAEDHVT14_FDPRBQ_V2LP_1)                 0.06       0.06 f
  m8/U90/X (SAEDHVT14_INV_S_1)                            0.37       0.43 r
  m8/U723/X (SAEDHVT14_BUF_S_0P5)                         0.40       0.84 r
  m8/U725/X (SAEDHVT14_BUF_S_0P5)                         0.27       1.11 r
  m8/U74/X (SAEDHVT14_OAI21_0P5)                          0.16       1.27 f
  m8/add_8_root_add_0_root_add_20_I16/U2/X (SAEDHVT14_EO2_0P5)
                                                          0.08       1.35 r
  m8/add_0_root_add_0_root_add_20_I16/U1_2/S (SAEDHVT14_ADDF_V1_1)
                                                          0.08       1.43 f
  adder4/FA2/U3/X (SAEDHVT14_INV_S_0P5)                   0.08       1.51 r
  adder4/FA2/U5/X (SAEDHVT14_ND2_CDC_2)                   0.04       1.54 f
  adder4/FA2/U1/X (SAEDHVT14_ND2_CDC_0P5)                 0.05       1.60 r
  adder4/FA2/U7/X (SAEDHVT14_EO2_0P5)                     0.06       1.66 f
  adder10/FA2/U5/X (SAEDHVT14_INV_S_0P5)                  0.08       1.74 r
  adder10/FA2/U3/X (SAEDHVT14_EO2_0P5)                    0.09       1.83 r
  adder10/FA2/U4/X (SAEDHVT14_OAI22_0P5)                  0.08       1.91 f
  adder10/FA3/U5/X (SAEDHVT14_INV_S_0P75)                 0.07       1.98 r
  adder10/FA3/U1/X (SAEDHVT14_OAI22_0P5)                  0.07       2.05 f
  adder10/FA4/U2/X (SAEDHVT14_INV_S_0P5)                  0.09       2.14 r
  adder10/FA4/U1/X (SAEDHVT14_OAI22_0P5)                  0.08       2.22 f
  adder10/FA5/U1/X (SAEDHVT14_INV_S_0P5)                  0.09       2.31 r
  adder10/FA5/U4/X (SAEDHVT14_OAI22_0P5)                  0.08       2.39 f
  adder10/FA6/U3/X (SAEDHVT14_INV_S_0P75)                 0.08       2.47 r
  adder10/FA6/U2/X (SAEDHVT14_OAI22_3)                    0.04       2.51 f
  adder10/FA7/U2/X (SAEDHVT14_INV_4)                      0.02       2.53 r
  adder10/FA7/U1/X (SAEDHVT14_OAI22_0P5)                  0.05       2.58 f
  adder10/FA8/U1/X (SAEDHVT14_INV_S_0P5)                  0.10       2.68 r
  adder10/FA8/U2/X (SAEDHVT14_OAI22_3)                    0.04       2.72 f
  adder10/FA9/U1/X (SAEDHVT14_INV_3)                      0.03       2.75 r
  adder10/FA9/U2/X (SAEDHVT14_OAI22_0P5)                  0.05       2.80 f
  adder10/FA10/U1/X (SAEDHVT14_INV_S_0P5)                 0.09       2.90 r
  adder10/FA10/U5/X (SAEDHVT14_OAI22_0P5)                 0.08       2.98 f
  adder10/FA11/U2/X (SAEDHVT14_INV_S_2)                   0.05       3.03 r
  adder10/FA11/U1/X (SAEDHVT14_OAI22_3)                   0.03       3.06 f
  adder10/FA12/U2/X (SAEDHVT14_INV_S_1)                   0.05       3.10 r
  adder10/FA12/U1/X (SAEDHVT14_OAI22_1)                   0.05       3.15 f
  adder10/FA13/U1/X (SAEDHVT14_INV_4)                     0.03       3.18 r
  adder10/FA13/U2/X (SAEDHVT14_OAI22_3)                   0.03       3.21 f
  adder10/FA14/U2/X (SAEDHVT14_INV_S_3)                   0.03       3.24 r
  adder10/FA14/U1/X (SAEDHVT14_OAI22_4)                   0.02       3.26 f
  adder10/FA15/U1/X (SAEDHVT14_INV_4)                     0.02       3.28 r
  adder10/FA15/U2/X (SAEDHVT14_OAI22_0P75)                0.05       3.33 f
  adder10/FA16/U1/X (SAEDHVT14_INV_6)                     0.02       3.36 r
  adder10/FA16/U2/X (SAEDHVT14_OAI22_4)                   0.02       3.38 f
  adder10/FA17/U1/X (SAEDHVT14_INV_4)                     0.02       3.40 r
  adder10/FA17/U2/X (SAEDHVT14_OAI22_0P5)                 0.05       3.45 f
  adder10/FA18/U1/X (SAEDHVT14_INV_S_0P5)                 0.10       3.55 r
  adder10/FA18/U2/X (SAEDHVT14_OAI22_3)                   0.04       3.59 f
  adder10/FA19/U2/X (SAEDHVT14_INV_3)                     0.03       3.62 r
  adder10/FA19/U1/X (SAEDHVT14_OAI22_0P75)                0.06       3.68 f
  adder10/FA20/U1/X (SAEDHVT14_INV_6)                     0.02       3.70 r
  adder10/FA20/U2/X (SAEDHVT14_OAI22_4)                   0.02       3.72 f
  adder10/FA21/U1/X (SAEDHVT14_INV_4)                     0.02       3.74 r
  adder10/FA21/U2/X (SAEDHVT14_OAI22_4)                   0.02       3.77 f
  adder10/FA22/U2/X (SAEDHVT14_INV_6)                     0.02       3.78 r
  adder10/FA22/U1/X (SAEDHVT14_OAI22_3)                   0.02       3.80 f
  adder10/FA23/U1/X (SAEDHVT14_INV_S_1P5)                 0.04       3.84 r
  adder10/FA23/U2/X (SAEDHVT14_OAI22_4)                   0.03       3.87 f
  adder10/FA24/U1/X (SAEDHVT14_INV_6)                     0.02       3.88 r
  adder10/FA24/U2/X (SAEDHVT14_OAI22_0P5)                 0.05       3.93 f
  adder10/FA25/U1/X (SAEDHVT14_INV_S_0P5)                 0.09       4.03 r
  adder10/FA25/U4/X (SAEDHVT14_OR2_MM_1P5)                0.05       4.08 r
  adder10/FA25/U5/X (SAEDHVT14_ND2_6)                     0.01       4.10 f
  adder10/FA26/U1/X (SAEDHVT14_INV_S_10)                  0.01       4.10 r
  adder10/FA26/U2/X (SAEDHVT14_OAI22_2)                   0.03       4.13 f
  adder10/FA27/U1/X (SAEDHVT14_INV_S_3)                   0.03       4.16 r
  adder10/FA27/U5/X (SAEDHVT14_OAI22_0P5)                 0.06       4.21 f
  adder10/FA28/U1/X (SAEDHVT14_INV_S_1)                   0.06       4.28 r
  adder10/FA28/U5/X (SAEDHVT14_OR2_MM_0P75)               0.04       4.32 r
  adder10/FA28/U3/X (SAEDHVT14_ND2_CDC_0P5)               0.03       4.35 f
  adder10/FA29/U2/X (SAEDHVT14_INV_S_0P5)                 0.07       4.42 r
  adder10/FA29/U7/X (SAEDHVT14_EO2_0P5)                   0.07       4.49 f
  adder13/FA29/U2/X (SAEDHVT14_INV_S_0P5)                 0.08       4.57 r
  adder13/FA29/U3/X (SAEDHVT14_EO2_1)                     0.07       4.64 f
  adder13/FA29/U8/X (SAEDHVT14_EO2_0P5)                   0.10       4.74 r
  adder14/FA29/U1/X (SAEDRVT14_EO2_4)                     0.05       4.78 r
  adder14/FA29/U4/X (SAEDHVT14_BUF_S_0P5)                 0.07       4.86 r
  adder14/FA29/U6/X (SAEDHVT14_OAI22_4)                   0.04       4.90 f
  adder14/FA30/U7/X (SAEDHVT14_INV_6)                     0.02       4.91 r
  adder14/FA30/U6/X (SAEDHVT14_OAI22_4)                   0.02       4.93 f
  adder14/FA31/U1/X (SAEDHVT14_INV_S_5)                   0.02       4.95 r
  adder14/FA31/U8/X (SAEDRVT14_EO2_2)                     0.03       4.98 f
  y_out_reg_31_/D (SAEDHVT14_FDPRBQ_V2LP_1)               0.00       4.98 f
  data arrival time                                                  4.98

  clock clock (rise edge)                                 5.00       5.00
  clock network delay (ideal)                             0.00       5.00
  clock reconvergence pessimism                           0.00       5.00
  y_out_reg_31_/CK (SAEDHVT14_FDPRBQ_V2LP_1)                         5.00 r
  library setup time                                     -0.01       4.99
  data required time                                                 4.99
  ------------------------------------------------------------------------------
  data required time                                                 4.99
  data arrival time                                                 -4.98
  ------------------------------------------------------------------------------
  slack (MET)                                                        0.01


1
****************************************
Report : timing
	-path_type full
	-delay_type min
	-max_paths 1
	-sort_by slack
Design : fir_filter_16_tap
Version: V-2023.12-SP4
Date   : Thu Apr 17 11:26:00 2025
****************************************


  Startpoint: tap9_reg_10_
               (rising edge-triggered flip-flop clocked by clock)
  Endpoint: tap10_reg_10_
               (rising edge-triggered flip-flop clocked by clock)
  Path Group: clock
  Path Type: min

  Point                                                   Incr       Path
  ------------------------------------------------------------------------------
  clock clock (rise edge)                                 0.00       0.00
  clock network delay (ideal)                             0.00       0.00
  tap9_reg_10_/CK (SAEDHVT14_FDPRBQ_V2LP_1)               0.00       0.00 r
  tap9_reg_10_/Q (SAEDHVT14_FDPRBQ_V2LP_1)                0.06       0.06 f
  tap10_reg_10_/D (SAEDHVT14_FDPRBQ_V2LP_1)               0.00       0.06 f
  data arrival time                                                  0.06

  clock clock (rise edge)                                 0.00       0.00
  clock network delay (ideal)                             0.00       0.00
  clock reconvergence pessimism                           0.00       0.00
  tap10_reg_10_/CK (SAEDHVT14_FDPRBQ_V2LP_1)                         0.00 r
  library hold time                                      -0.01      -0.01
  data required time                                                -0.01
  ------------------------------------------------------------------------------
  data required time                                                -0.01
  data arrival time                                                 -0.06
  ------------------------------------------------------------------------------
  slack (MET)                                                        0.07


1
